#
# A fatal error has been detected by the Java Runtime Environment:
#
#  EXCEPTION_PRIV_INSTRUCTION (0xc0000096) at pc=0x01dc2ca1, pid=4100, tid=0x0000107c
#
# JRE version: Java(TM) SE Runtime Environment (8.0_92-b14) (build 1.8.0_92-b14)
# Java VM: Java HotSpot(TM) Client VM (25.92-b14 mixed mode windows-x86 )
# Problematic frame:
# 
[error occurred during error reporting (printing problematic frame), id 0xc0000005]

# Failed to write core dump. Minidumps are not enabled by default on client versions of Windows
#
# If you would like to submit a bug report, please visit:
#   http://bugreport.java.com/bugreport/crash.jsp
#

---------------  T H R E A D  ---------------

Current thread (0x01adbc00):  JavaThread "main" [_thread_in_Java, id=4220, stack(0x00a40000,0x00a90000)]

siginfo: ExceptionCode=0xc0000096

Registers:
EAX=0x00000000, EBX=0x0000002e, ECX=0x00000780, EDX=0x00000008
ESP=0x00a8f014, EBP=0x00a8f054, ESI=0x140680da, EDI=0x00aa860c
EIP=0x01dc2ca1, EFLAGS=0x00010216

Top of Stack: (sp=0x00a8f014)
0x00a8f014:   00aa860c 140680da 00a8f054 00a8f034
0x00a8f024:   0000002e 140686a8 00000021 005cabb0
0x00a8f034:   01dc2c9b 602d7b08 00aa860c 140686a8
0x00a8f044:   00000000 140680e8 00000000 00a8f158
0x00a8f054:   00a8f17c 01dc47b4 00000000 00000000
0x00a8f064:   00000000 00000000 00000000 00000000
0x00a8f074:   00000000 00000000 00000000 00000000
0x00a8f084:   00000000 00000000 00000000 00000000 

Instructions: (pc=0x01dc2ca1)
0x01dc2c81:   38 7b 2d 60 e8 00 00 00 00 60 e8 20 05 43 5e f4
0x01dc2c91:   68 08 7b 2d 60 e8 00 00 00 00 60 e8 0f 05 43 5e
0x01dc2ca1:   f4 66 90 00 00 00 00 00 00 00 00 00 00 00 00 a0
0x01dc2cb1:   15 00 00 f4 7a 2d 60 ff ff ff ff 00 00 00 00 8b 


Register to memory mapping:

EAX=0x00000000 is an unknown value
EBX=0x0000002e is an unknown value
ECX=0x00000780 is an unknown value
EDX=0x00000008 is an unknown value
ESP=0x00a8f014 is pointing into the stack for thread: 0x01adbc00
EBP=0x00a8f054 is pointing into the stack for thread: 0x01adbc00
ESI=0x140680da is pointing into metadata
EDI=0x00aa860c is an unknown value


Stack: [0x00a40000,0x00a90000],  sp=0x00a8f014,  free space=316k
Native frames: (J=compiled Java code, j=interpreted, Vv=VM code, C=native code)

[error occurred during error reporting (printing native stack), id 0xc0000005]


---------------  P R O C E S S  ---------------

Java Threads: ( => current thread )
  0x14dd2400 JavaThread "Exec Stream Pumper" daemon [_thread_in_native, id=2580, stack(0x15bb0000,0x15c00000)]
  0x14dd4000 JavaThread "Exec Stream Pumper" daemon [_thread_in_native, id=2224, stack(0x15b60000,0x15bb0000)]
  0x14dd0800 JavaThread "Exec Default Executor" daemon [_thread_in_native, id=4824, stack(0x15b10000,0x15b60000)]
  0x14dd3400 JavaThread "Exec Stream Pumper" daemon [_thread_in_native, id=2584, stack(0x15a70000,0x15ac0000)]
  0x150fe400 JavaThread "Exec Stream Pumper" daemon [_thread_in_native, id=5732, stack(0x15a20000,0x15a70000)]
  0x150fe000 JavaThread "Exec Default Executor" daemon [_thread_in_native, id=5168, stack(0x159d0000,0x15a20000)]
  0x1511f400 JavaThread "Exec Stream Pumper" daemon [_thread_in_native, id=4980, stack(0x15980000,0x159d0000)]
  0x1511ec00 JavaThread "Exec Stream Pumper" daemon [_thread_in_native, id=3244, stack(0x15930000,0x15980000)]
  0x150acc00 JavaThread "Exec Default Executor" daemon [_thread_in_native, id=2932, stack(0x158e0000,0x15930000)]
  0x1500b000 JavaThread "Exec Stream Pumper" daemon [_thread_in_native, id=6036, stack(0x15790000,0x157e0000)]
  0x1500a800 JavaThread "Exec Stream Pumper" daemon [_thread_in_native, id=2284, stack(0x15740000,0x15790000)]
  0x150a2000 JavaThread "UrlChecker-2" daemon [_thread_blocked, id=1360, stack(0x155a0000,0x155f0000)]
  0x1503b000 JavaThread "Exec Default Executor" daemon [_thread_in_native, id=1676, stack(0x14d20000,0x14d70000)]
  0x1447cc00 JavaThread "ReaderThread" [_thread_in_native, id=3920, stack(0x148e0000,0x14930000)]
  0x14312000 JavaThread "Service Thread" daemon [_thread_blocked, id=6100, stack(0x146d0000,0x14720000)]
  0x142e2c00 JavaThread "C1 CompilerThread0" daemon [_thread_blocked, id=5036, stack(0x14680000,0x146d0000)]
  0x142edc00 JavaThread "Attach Listener" daemon [_thread_blocked, id=1608, stack(0x14630000,0x14680000)]
  0x142ecc00 JavaThread "Signal Dispatcher" daemon [_thread_blocked, id=3028, stack(0x145e0000,0x14630000)]
  0x142d8800 JavaThread "Finalizer" daemon [_thread_blocked, id=4304, stack(0x144c0000,0x14510000)]
  0x00cde800 JavaThread "Reference Handler" daemon [_thread_blocked, id=5656, stack(0x01a80000,0x01ad0000)]
=>0x01adbc00 JavaThread "main" [_thread_in_Java, id=4220, stack(0x00a40000,0x00a90000)]

Other Threads:
  0x00cdc000 VMThread [stack: 0x00ce0000,0x00d30000] [id=1720]
  0x14314800 WatcherThread [stack: 0x14720000,0x14770000] [id=5972]

VM state:not at safepoint (normal execution)

VM Mutex/Monitor currently owned by a thread: None

Heap:
 def new generation   total 4928K, used 1639K [0x03e00000, 0x04350000, 0x09350000)
  eden space 4416K,  26% used [0x03e00000, 0x03f24748, 0x04250000)
  from space 512K,  91% used [0x04250000, 0x042c54e8, 0x042d0000)
  to   space 512K,   0% used [0x042d0000, 0x042d0000, 0x04350000)
 tenured generation   total 10944K, used 9668K [0x09350000, 0x09e00000, 0x13e00000)
   the space 10944K,  88% used [0x09350000, 0x09cc1200, 0x09cc1200, 0x09e00000)
 Metaspace       used 9557K, capacity 9725K, committed 9856K, reserved 10624K

Card table byte_map: [0x019f0000,0x01a80000] byte_map_base: 0x019d1000

Polling page: 0x00a90000

CodeCache: size=32768Kb used=1385Kb max_used=1385Kb free=31382Kb
 bounds [0x01dc0000, 0x01f20000, 0x03dc0000]
 total_blobs=706 nmethods=529 adapters=108
 compilation: enabled

Compilation events (10 events):
Event: 55.926 Thread 0x142e2c00  532             java.util.regex.Pattern$GroupHead::match (47 bytes)
Event: 55.927 Thread 0x142e2c00 nmethod 532 0x01f19408 code [0x01f19510, 0x01f1962c]
Event: 55.927 Thread 0x142e2c00  533             java.util.regex.Matcher::group (112 bytes)
Event: 55.927 Thread 0x142e2c00 nmethod 533 0x01f197c8 code [0x01f19940, 0x01f19ce4]
Event: 55.927 Thread 0x142e2c00  534             java.util.regex.Matcher::groupCount (10 bytes)
Event: 55.927 Thread 0x142e2c00 nmethod 534 0x01f1a008 code [0x01f1a100, 0x01f1a190]
Event: 58.291 Thread 0x142e2c00  535             org.apache.http.protocol.HttpCoreContext::getAttribute (11 bytes)
Event: 58.292 Thread 0x142e2c00 nmethod 535 0x01f1a208 code [0x01f1a310, 0x01f1a3ac]
Event: 58.292 Thread 0x142e2c00  536             java.lang.ThreadLocal$ThreadLocalMap::nextIndex (15 bytes)
Event: 58.292 Thread 0x142e2c00 nmethod 536 0x01f1a408 code [0x01f1a500, 0x01f1a580]

GC Heap History (10 events):
Event: 0.900 GC heap before
{Heap before GC invocations=5 (full 0):
 def new generation   total 4928K, used 4927K [0x03e00000, 0x04350000, 0x09350000)
  eden space 4416K,  99% used [0x03e00000, 0x0424fed8, 0x04250000)
  from space 512K, 100% used [0x042d0000, 0x04350000, 0x04350000)
  to   space 512K,   0% used [0x04250000, 0x04250000, 0x042d0000)
 tenured generation   total 10944K, used 6222K [0x09350000, 0x09e00000, 0x13e00000)
   the space 10944K,  56% used [0x09350000, 0x09963aa8, 0x09963c00, 0x09e00000)
 Metaspace       used 7566K, capacity 7736K, committed 7808K, reserved 8576K
Event: 0.907 GC heap after
Heap after GC invocations=6 (full 0):
 def new generation   total 4928K, used 512K [0x03e00000, 0x04350000, 0x09350000)
  eden space 4416K,   0% used [0x03e00000, 0x03e00000, 0x04250000)
  from space 512K, 100% used [0x04250000, 0x042d0000, 0x042d0000)
  to   space 512K,   0% used [0x042d0000, 0x042d0000, 0x04350000)
 tenured generation   total 10944K, used 7397K [0x09350000, 0x09e00000, 0x13e00000)
   the space 10944K,  67% used [0x09350000, 0x09a89408, 0x09a89600, 0x09e00000)
 Metaspace       used 7566K, capacity 7736K, committed 7808K, reserved 8576K
}
Event: 0.985 GC heap before
{Heap before GC invocations=6 (full 0):
 def new generation   total 4928K, used 4928K [0x03e00000, 0x04350000, 0x09350000)
  eden space 4416K, 100% used [0x03e00000, 0x04250000, 0x04250000)
  from space 512K, 100% used [0x04250000, 0x042d0000, 0x042d0000)
  to   space 512K,   0% used [0x042d0000, 0x042d0000, 0x04350000)
 tenured generation   total 10944K, used 7397K [0x09350000, 0x09e00000, 0x13e00000)
   the space 10944K,  67% used [0x09350000, 0x09a89408, 0x09a89600, 0x09e00000)
 Metaspace       used 7983K, capacity 8155K, committed 8192K, reserved 8576K
Event: 0.990 GC heap after
Heap after GC invocations=7 (full 0):
 def new generation   total 4928K, used 511K [0x03e00000, 0x04350000, 0x09350000)
  eden space 4416K,   0% used [0x03e00000, 0x03e00000, 0x04250000)
  from space 512K,  99% used [0x042d0000, 0x0434fff8, 0x04350000)
  to   space 512K,   0% used [0x04250000, 0x04250000, 0x042d0000)
 tenured generation   total 10944K, used 8116K [0x09350000, 0x09e00000, 0x13e00000)
   the space 10944K,  74% used [0x09350000, 0x09b3d2d8, 0x09b3d400, 0x09e00000)
 Metaspace       used 7983K, capacity 8155K, committed 8192K, reserved 8576K
}
Event: 1.598 GC heap before
{Heap before GC invocations=7 (full 0):
 def new generation   total 4928K, used 4927K [0x03e00000, 0x04350000, 0x09350000)
  eden space 4416K, 100% used [0x03e00000, 0x04250000, 0x04250000)
  from space 512K,  99% used [0x042d0000, 0x0434fff8, 0x04350000)
  to   space 512K,   0% used [0x04250000, 0x04250000, 0x042d0000)
 tenured generation   total 10944K, used 8116K [0x09350000, 0x09e00000, 0x13e00000)
   the space 10944K,  74% used [0x09350000, 0x09b3d2d8, 0x09b3d400, 0x09e00000)
 Metaspace       used 8734K, capacity 8891K, committed 8960K, reserved 9600K
Event: 1.601 GC heap after
Heap after GC invocations=8 (full 0):
 def new generation   total 4928K, used 512K [0x03e00000, 0x04350000, 0x09350000)
  eden space 4416K,   0% used [0x03e00000, 0x03e00000, 0x04250000)
  from space 512K, 100% used [0x04250000, 0x042d0000, 0x042d0000)
  to   space 512K,   0% used [0x042d0000, 0x042d0000, 0x04350000)
 tenured generation   total 10944K, used 8796K [0x09350000, 0x09e00000, 0x13e00000)
   the space 10944K,  80% used [0x09350000, 0x09be70e0, 0x09be7200, 0x09e00000)
 Metaspace       used 8734K, capacity 8891K, committed 8960K, reserved 9600K
}
Event: 3.670 GC heap before
{Heap before GC invocations=8 (full 0):
 def new generation   total 4928K, used 4928K [0x03e00000, 0x04350000, 0x09350000)
  eden space 4416K, 100% used [0x03e00000, 0x04250000, 0x04250000)
  from space 512K, 100% used [0x04250000, 0x042d0000, 0x042d0000)
  to   space 512K,   0% used [0x042d0000, 0x042d0000, 0x04350000)
 tenured generation   total 10944K, used 8796K [0x09350000, 0x09e00000, 0x13e00000)
   the space 10944K,  80% used [0x09350000, 0x09be70e0, 0x09be7200, 0x09e00000)
 Metaspace       used 9397K, capacity 9563K, committed 9600K, reserved 9600K
Event: 3.673 GC heap after
Heap after GC invocations=9 (full 0):
 def new generation   total 4928K, used 511K [0x03e00000, 0x04350000, 0x09350000)
  eden space 4416K,   0% used [0x03e00000, 0x03e00000, 0x04250000)
  from space 512K,  99% used [0x042d0000, 0x0434fff8, 0x04350000)
  to   space 512K,   0% used [0x04250000, 0x04250000, 0x042d0000)
 tenured generation   total 10944K, used 9508K [0x09350000, 0x09e00000, 0x13e00000)
   the space 10944K,  86% used [0x09350000, 0x09c993c8, 0x09c99400, 0x09e00000)
 Metaspace       used 9397K, capacity 9563K, committed 9600K, reserved 9600K
}
Event: 49.999 GC heap before
{Heap before GC invocations=9 (full 0):
 def new generation   total 4928K, used 4927K [0x03e00000, 0x04350000, 0x09350000)
  eden space 4416K, 100% used [0x03e00000, 0x04250000, 0x04250000)
  from space 512K,  99% used [0x042d0000, 0x0434fff8, 0x04350000)
  to   space 512K,   0% used [0x04250000, 0x04250000, 0x042d0000)
 tenured generation   total 10944K, used 9508K [0x09350000, 0x09e00000, 0x13e00000)
   the space 10944K,  86% used [0x09350000, 0x09c993c8, 0x09c99400, 0x09e00000)
 Metaspace       used 9547K, capacity 9725K, committed 9856K, reserved 10624K
Event: 50.004 GC heap after
Heap after GC invocations=10 (full 0):
 def new generation   total 4928K, used 469K [0x03e00000, 0x04350000, 0x09350000)
  eden space 4416K,   0% used [0x03e00000, 0x03e00000, 0x04250000)
  from space 512K,  91% used [0x04250000, 0x042c54e8, 0x042d0000)
  to   space 512K,   0% used [0x042d0000, 0x042d0000, 0x04350000)
 tenured generation   total 10944K, used 9668K [0x09350000, 0x09e00000, 0x13e00000)
   the space 10944K,  88% used [0x09350000, 0x09cc1200, 0x09cc1200, 0x09e00000)
 Metaspace       used 9547K, capacity 9725K, committed 9856K, reserved 10624K
}

Deoptimization events (0 events):
No events

Internal exceptions (10 events):
Event: 0.800 Thread 0x01adbc00 Exception <a 'java/lang/NoSuchFieldError': method resolution failed> (0x0414d5c0) thrown at [C:\workspace\8-2-build-windows-i586-cygwin\jdk8u92\6642\hotspot\src\share\vm\prims\methodHandles.cpp, line 1146]
Event: 0.801 Thread 0x01adbc00 Exception <a 'java/lang/NoSuchFieldError': method resolution failed> (0x04159e50) thrown at [C:\workspace\8-2-build-windows-i586-cygwin\jdk8u92\6642\hotspot\src\share\vm\prims\methodHandles.cpp, line 1146]
Event: 1.542 Thread 0x150a2000 Exception <a 'java/net/SocketTimeoutException': connect timed out> (0x03fffbd0) thrown at [C:\workspace\8-2-build-windows-i586-cygwin\jdk8u92\6642\hotspot\src\share\vm\prims\jni.cpp, line 735]
Event: 1.608 Thread 0x01adbc00 Exception <a 'java/lang/ArrayIndexOutOfBoundsException'> (0x03e3e7c8) thrown at [C:\workspace\8-2-build-windows-i586-cygwin\jdk8u92\6642\hotspot\src\share\vm\runtime\sharedRuntime.cpp, line 605]
Event: 1.609 Thread 0x01adbc00 Exception <a 'java/lang/ArrayIndexOutOfBoundsException'> (0x03e44260) thrown at [C:\workspace\8-2-build-windows-i586-cygwin\jdk8u92\6642\hotspot\src\share\vm\runtime\sharedRuntime.cpp, line 605]
Event: 1.609 Thread 0x01adbc00 Exception <a 'java/lang/ArrayIndexOutOfBoundsException'> (0x03e45af8) thrown at [C:\workspace\8-2-build-windows-i586-cygwin\jdk8u92\6642\hotspot\src\share\vm\runtime\sharedRuntime.cpp, line 605]
Event: 1.610 Thread 0x01adbc00 Exception <a 'java/lang/ArrayIndexOutOfBoundsException'> (0x03e50248) thrown at [C:\workspace\8-2-build-windows-i586-cygwin\jdk8u92\6642\hotspot\src\share\vm\runtime\sharedRuntime.cpp, line 605]
Event: 1.644 Thread 0x01adbc00 Exception <a 'java/lang/ArrayIndexOutOfBoundsException'> (0x04020c60) thrown at [C:\workspace\8-2-build-windows-i586-cygwin\jdk8u92\6642\hotspot\src\share\vm\runtime\sharedRuntime.cpp, line 605]
Event: 1.644 Thread 0x01adbc00 Exception <a 'java/lang/ArrayIndexOutOfBoundsException'> (0x040222f0) thrown at [C:\workspace\8-2-build-windows-i586-cygwin\jdk8u92\6642\hotspot\src\share\vm\runtime\sharedRuntime.cpp, line 605]
Event: 29.327 Thread 0x150a2000 Exception <a 'java/net/SocketTimeoutException': connect timed out> (0x040203f0) thrown at [C:\workspace\8-2-build-windows-i586-cygwin\jdk8u92\6642\hotspot\src\share\vm\prims\jni.cpp, line 735]

Events (10 events):
Event: 54.318 loading class utility/AddDatarm
Event: 54.318 loading class utility/AddDatarm done
Event: 55.977 Thread 0x01adbc00 DEOPT PACKING pc=0x01f0fbc1 sp=0x00a8f440
Event: 55.977 Thread 0x01adbc00 DEOPT UNPACKING pc=0x01dfc5db sp=0x00a8f2f8 mode 3
Event: 58.292 loading class org/testng/reporters/HtmlHelper
Event: 58.292 loading class org/testng/reporters/HtmlHelper done
Event: 58.293 loading class sun/util/locale/provider/TimeZoneNameUtility
Event: 58.293 loading class sun/util/locale/provider/TimeZoneNameUtility done
Event: 58.293 loading class sun/util/locale/provider/TimeZoneNameProviderImpl
Event: 58.293 loading class sun/util/locale/provider/TimeZoneNameProviderImpl done


Dynamic libraries:
0x00d30000 - 0x00d63000 	C:\Program Files\Java\jre1.8.0_92\bin\javaw.exe
0x77c40000 - 0x77da7000 	C:\Windows\SYSTEM32\ntdll.dll
0x77740000 - 0x77838000 	C:\Windows\system32\KERNEL32.DLL
0x75330000 - 0x753ed000 	C:\Windows\system32\KERNELBASE.dll
0x756d0000 - 0x7577e000 	C:\Windows\system32\ADVAPI32.dll
0x77610000 - 0x77731000 	C:\Windows\system32\USER32.dll
0x72860000 - 0x72a57000 	C:\Windows\WinSxS\x86_microsoft.windows.common-controls_6595b64144ccf1df_6.0.9200.16384_none_893961408605e985\COMCTL32.dll
0x763b0000 - 0x76461000 	C:\Windows\system32\msvcrt.dll
0x77c00000 - 0x77c34000 	C:\Windows\SYSTEM32\sechost.dll
0x759e0000 - 0x75ab1000 	C:\Windows\system32\RPCRT4.dll
0x77900000 - 0x77a0a000 	C:\Windows\system32\GDI32.dll
0x759b0000 - 0x759db000 	C:\Windows\system32\IMM32.DLL
0x75ac0000 - 0x75b9c000 	C:\Windows\system32\MSCTF.dll
0x65bc0000 - 0x65c7f000 	C:\Program Files\Java\jre1.8.0_92\bin\msvcr100.dll
0x60000000 - 0x603cb000 	C:\Program Files\Java\jre1.8.0_92\bin\client\jvm.dll
0x71090000 - 0x71098000 	C:\Windows\SYSTEM32\WSOCK32.dll
0x70920000 - 0x70941000 	C:\Windows\SYSTEM32\WINMM.dll
0x74500000 - 0x74508000 	C:\Windows\SYSTEM32\VERSION.dll
0x759a0000 - 0x759a6000 	C:\Windows\system32\PSAPI.DLL
0x77560000 - 0x775b0000 	C:\Windows\system32\WS2_32.dll
0x70850000 - 0x7087a000 	C:\Windows\SYSTEM32\WINMMBASE.dll
0x76260000 - 0x76268000 	C:\Windows\system32\NSI.dll
0x6aea0000 - 0x6aeac000 	C:\Program Files\Java\jre1.8.0_92\bin\verify.dll
0x67220000 - 0x67241000 	C:\Program Files\Java\jre1.8.0_92\bin\java.dll
0x676c0000 - 0x676d3000 	C:\Program Files\Java\jre1.8.0_92\bin\zip.dll
0x76490000 - 0x77555000 	C:\Windows\system32\SHELL32.dll
0x76270000 - 0x763a6000 	C:\Windows\SYSTEM32\combase.dll
0x778c0000 - 0x77900000 	C:\Windows\system32\SHLWAPI.dll
0x77b80000 - 0x77bf5000 	C:\Windows\system32\SHCORE.dll
0x75290000 - 0x752a1000 	C:\Windows\SYSTEM32\profapi.dll
0x675a0000 - 0x675b6000 	C:\Program Files\Java\jre1.8.0_92\bin\net.dll
0x74510000 - 0x74688000 	C:\Windows\system32\mwtsp.dll
0x67340000 - 0x674e5000 	C:\Windows\SYSTEM32\SPORDER.dll
0x74470000 - 0x744f3000 	C:\Windows\SYSTEM32\WINHTTP.dll
0x75810000 - 0x75929000 	C:\Windows\system32\ole32.dll
0x75090000 - 0x750b3000 	C:\Windows\SYSTEM32\SspiCli.dll
0x74c40000 - 0x74c8a000 	C:\Windows\system32\mswsock.dll
0x74ad0000 - 0x74b45000 	C:\Windows\SYSTEM32\DNSAPI.dll
0x70250000 - 0x70271000 	C:\Program Files\Bonjour\mdnsNSP.dll
0x725b0000 - 0x725d2000 	C:\Windows\SYSTEM32\Iphlpapi.DLL
0x72560000 - 0x72568000 	C:\Windows\SYSTEM32\WINNSI.DLL
0x70240000 - 0x70247000 	C:\Windows\System32\rasadhlp.dll
0x72520000 - 0x7255f000 	C:\Windows\System32\fwpuclnt.dll
0x74c90000 - 0x74caa000 	C:\Windows\SYSTEM32\CRYPTSP.dll
0x749b0000 - 0x749ee000 	C:\Windows\system32\rsaenh.dll
0x74a80000 - 0x74a9b000 	C:\Windows\SYSTEM32\USERENV.dll
0x75120000 - 0x75129000 	C:\Windows\SYSTEM32\CRYPTBASE.dll
0x750c0000 - 0x75111000 	C:\Windows\SYSTEM32\bcryptPrimitives.dll
0x72470000 - 0x72480000 	C:\Windows\SYSTEM32\dhcpcsvc6.DLL
0x72450000 - 0x72462000 	C:\Windows\SYSTEM32\dhcpcsvc.DLL
0x68870000 - 0x6887f000 	C:\Program Files\Java\jre1.8.0_92\bin\nio.dll
0x65b80000 - 0x65ba0000 	C:\Program Files\Java\jre1.8.0_92\bin\sunec.dll

VM Arguments:
jvm_args: -ea -Dfile.encoding=Cp1252 
java_command: org.testng.remote.RemoteTestNG -serport 3306 -protocol json -d D:\workspace-mars\Dataroom_test\test-output D:\workspace-mars\Dataroom_test\LoginDataroom.xml
java_class_path (initial): E:\Selenium\eclipse-jee-mars-1-win32\eclipse\plugins\org.testng.eclipse_6.9.12.201606220648\lib\testng-remote.jar;D:\workspace-mars\Dataroom_test\bin;E:\guice-3.0.jar\guice-3.0.jar;E:\reportng-1.1.4\reportng-1.1.4\velocity-dep-1.4.jar;E:\reportng-1.1.4\reportng-1.1.4\reportng-1.1.4.jar;E:\Selenium\selenium-server-standalone-2.53.0 (1).jar
Launcher Type: SUN_STANDARD

Environment Variables:
JAVA_HOME=C:\Program Files\Java\jre1.8.0_77
PATH=C:/Program Files/Java/jre1.8.0_92/bin/client;C:/Program Files/Java/jre1.8.0_92/bin;C:/Program Files/Java/jre1.8.0_92/lib/i386;C:\Windows\system32;C:\Windows;C:\Windows\system32\Wbem;C:\ProgramData\Oracle\Java\javapath;C:\Windows\System32\WindowsPowerShell\v1.0\;C:\Program Files\Java\jdk1.8.0_60\bin;C:\Program Files\HP\Unified Functional Testing\bin;C:\JMeter\bin;C:\Program Files\Java\jre1.8.0_77\bin;E:\Selenium\eclipse-jee-mars-1-win32\eclipse;
USERNAME=anuj
OS=Windows_NT
PROCESSOR_IDENTIFIER=x86 Family 6 Model 37 Stepping 5, GenuineIntel



---------------  S Y S T E M  ---------------

OS: Windows 8 Build 9200 (6.2.9200.16384)

CPU:total 4 (2 cores per cpu, 2 threads per core) family 6 model 37 stepping 5, cmov, cx8, fxsr, mmx, sse, sse2, sse3, ssse3, sse4.1, sse4.2, popcnt, ht, tsc, tscinvbit

Memory: 4k page, physical 3071092k(819596k free), swap 6216820k(1973056k free)

vm_info: Java HotSpot(TM) Client VM (25.92-b14) for windows-x86 JRE (1.8.0_92-b14), built on Mar 31 2016 21:09:21 by "java_re" with MS VC++ 10.0 (VS2010)

time: Thu Jun 30 12:03:47 2016
elapsed time: 58 seconds (0d 0h 0m 58s)

